<?xml version="1.0" encoding="UTF-8"?>
<testsuite xmlns:xsi="http://www.w3.org/2001/XMLSchema-instance" xsi:noNamespaceSchemaLocation="https://maven.apache.org/surefire/maven-surefire-plugin/xsd/surefire-test-report-3.0.xsd" version="3.0" name="com.sharecart.ShareCartApplicationTests" time="4.754" tests="9" errors="0" skipped="0" failures="0">
  <properties>
[...]
</properties>
  <testcase name="inviteUser_returns201WithMember" classname="com.sharecart.ShareCartApplicationTests" time="0.783">
    <system-out><![CDATA[01:16:32.695 [main] INFO org.springframework.test.context.support.AnnotationConfigContextLoaderUtils -- Could not detect default configuration classes for test class [com.sharecart.ShareCartApplicationTests]: ShareCartApplicationTests does not declare any static, non-private, non-final, nested classes annotated with @Configuration.
01:16:32.787 [main] INFO org.springframework.boot.test.context.SpringBootTestContextBootstrapper -- Found @SpringBootConfiguration com.sharecart.ShareCartApplication for test class com.sharecart.ShareCartApplicationTests

  .   ____          _            __ _ _
 /\\ / ___'_ __ _ _(_)_ __  __ _ \ \ \ \
( ( )\___ | '_ | '_| | '_ \/ _` | \ \ \ \
 \\/  ___)| |_)| | | | | || (_| |  ) ) ) )
  '  |____| .__|_| |_|_| |_\__, | / / / /
 =========|_|==============|___/=/_/_/_/
 :: Spring Boot ::                (v3.2.3)

2026-03-22T01:16:33.116Z  INFO 4447 --- [ShareCart] [           main] c.sharecart.ShareCartApplicationTests    : Starting ShareCartApplicationTests using Java 17.0.18 with PID 4447 (started by runner in /home/runner/work/ShareCartSpringBootProject/ShareCartSpringBootProject)
2026-03-22T01:16:33.117Z  INFO 4447 --- [ShareCart] [           main] c.sharecart.ShareCartApplicationTests    : No active profile set, falling back to 1 default profile: "default"
2026-03-22T01:16:33.763Z  INFO 4447 --- [ShareCart] [           main] .s.d.r.c.RepositoryConfigurationDelegate : Bootstrapping Spring Data JPA repositories in DEFAULT mode.
2026-03-22T01:16:33.831Z  INFO 4447 --- [ShareCart] [           main] .s.d.r.c.RepositoryConfigurationDelegate : Finished Spring Data repository scanning in 61 ms. Found 4 JPA repository interfaces.
2026-03-22T01:16:34.206Z  INFO 4447 --- [ShareCart] [           main] o.hibernate.jpa.internal.util.LogHelper  : HHH000204: Processing PersistenceUnitInfo [name: default]
2026-03-22T01:16:34.239Z  INFO 4447 --- [ShareCart] [           main] org.hibernate.Version                    : HHH000412: Hibernate ORM core version 6.4.4.Final
2026-03-22T01:16:34.261Z  INFO 4447 --- [ShareCart] [           main] o.h.c.internal.RegionFactoryInitiator    : HHH000026: Second-level cache disabled
2026-03-22T01:16:34.423Z  INFO 4447 --- [ShareCart] [           main] o.s.o.j.p.SpringPersistenceUnitInfo      : No LoadTimeWeaver setup: ignoring JPA class transformer
2026-03-22T01:16:34.449Z  INFO 4447 --- [ShareCart] [           main] com.zaxxer.hikari.HikariDataSource       : HikariPool-1 - Starting...
2026-03-22T01:16:34.575Z  INFO 4447 --- [ShareCart] [           main] com.zaxxer.hikari.pool.HikariPool        : HikariPool-1 - Added connection conn0: url=jdbc:h2:mem:sharecartdb user=SA
2026-03-22T01:16:34.577Z  INFO 4447 --- [ShareCart] [           main] com.zaxxer.hikari.HikariDataSource       : HikariPool-1 - Start completed.
2026-03-22T01:16:34.595Z  WARN 4447 --- [ShareCart] [           main] org.hibernate.orm.deprecation            : HHH90000025: H2Dialect does not need to be specified explicitly using 'hibernate.dialect' (remove the property setting and it will be selected by default)
2026-03-22T01:16:35.411Z  INFO 4447 --- [ShareCart] [           main] o.h.e.t.j.p.i.JtaPlatformInitiator       : HHH000489: No JTA platform available (set 'hibernate.transaction.jta.platform' to enable JTA platform integration)
Hibernate: 
    drop table if exists items cascade 
Hibernate: 
    drop table if exists list_members cascade 
Hibernate: 
    drop table if exists shopping_lists cascade 
Hibernate: 
    drop table if exists users cascade 
Hibernate: 
    create table items (
        checked boolean not null,
        quantity integer not null check (quantity>=1),
        id bigint generated by default as identity,
        list_id bigint not null,
        name varchar(255) not null,
        primary key (id)
    )
Hibernate: 
    create table list_members (
        id bigint generated by default as identity,
        joined_at timestamp(6) not null,
        list_id bigint not null,
        user_id bigint not null,
        primary key (id),
        unique (list_id, user_id)
    )
Hibernate: 
    create table shopping_lists (
        created_at timestamp(6) not null,
        id bigint generated by default as identity,
        owner_id bigint not null,
        name varchar(255) not null,
        primary key (id)
    )
Hibernate: 
    create table users (
        id bigint generated by default as identity,
        email varchar(255) not null unique,
        username varchar(255) not null unique,
        primary key (id)
    )
Hibernate: 
    alter table if exists items 
       add constraint FK2c1riou9mgjw08sa871ckbbej 
       foreign key (list_id) 
       references shopping_lists
Hibernate: 
    alter table if exists list_members 
       add constraint FK3d36v60f12lhtv6fyamdenniu 
       foreign key (list_id) 
       references shopping_lists
Hibernate: 
    alter table if exists list_members 
       add constraint FKsp387d7y6agv6cgqql4b93g82 
       foreign key (user_id) 
       references users
Hibernate: 
    alter table if exists shopping_lists 
       add constraint FK3g7yijnsxqbktd6rsex0dnr6d 
       foreign key (owner_id) 
       references users
2026-03-22T01:16:35.457Z  INFO 4447 --- [ShareCart] [           main] j.LocalContainerEntityManagerFactoryBean : Initialized JPA EntityManagerFactory for persistence unit 'default'
2026-03-22T01:16:35.903Z  WARN 4447 --- [ShareCart] [           main] JpaBaseConfiguration$JpaWebConfiguration : spring.jpa.open-in-view is enabled by default. Therefore, database queries may be performed during view rendering. Explicitly configure spring.jpa.open-in-view to disable this warning
2026-03-22T01:16:36.150Z  INFO 4447 --- [ShareCart] [           main] o.s.b.a.h2.H2ConsoleAutoConfiguration    : H2 console available at '/h2-console'. Database available at 'jdbc:h2:mem:sharecartdb'
2026-03-22T01:16:36.190Z  INFO 4447 --- [ShareCart] [           main] o.s.b.t.m.w.SpringBootMockServletContext : Initializing Spring TestDispatcherServlet ''
2026-03-22T01:16:36.190Z  INFO 4447 --- [ShareCart] [           main] o.s.t.web.servlet.TestDispatcherServlet  : Initializing Servlet ''
2026-03-22T01:16:36.192Z  INFO 4447 --- [ShareCart] [           main] o.s.t.web.servlet.TestDispatcherServlet  : Completed initialization in 0 ms
2026-03-22T01:16:36.213Z  INFO 4447 --- [ShareCart] [           main] c.sharecart.ShareCartApplicationTests    : Started ShareCartApplicationTests in 3.325 seconds (process running for 4.125)
Hibernate: 
    select
        u1_0.id,
        u1_0.email,
        u1_0.username 
    from
        users u1_0
Hibernate: 
    insert 
    into
        users
        (email, username, id) 
    values
        (?, ?, default)
Hibernate: 
    insert 
    into
        users
        (email, username, id) 
    values
        (?, ?, default)
Hibernate: 
    select
        u1_0.id,
        u1_0.email,
        u1_0.username 
    from
        users u1_0 
    where
        u1_0.id=?
Hibernate: 
    insert 
    into
        shopping_lists
        (created_at, name, owner_id, id) 
    values
        (?, ?, ?, default)
Hibernate: 
    select
        sl1_0.id,
        sl1_0.created_at,
        sl1_0.name,
        sl1_0.owner_id 
    from
        shopping_lists sl1_0 
    where
        sl1_0.id=?
Hibernate: 
    select
        u1_0.id,
        u1_0.email,
        u1_0.username 
    from
        users u1_0 
    where
        u1_0.id=?
Hibernate: 
    select
        lm1_0.id 
    from
        list_members lm1_0 
    where
        lm1_0.list_id=? 
        and lm1_0.user_id=? 
    fetch
        first ? rows only
Hibernate: 
    insert 
    into
        list_members
        (joined_at, list_id, user_id, id) 
    values
        (?, ?, ?, default)
]]></system-out>
  </testcase>
  <testcase name="createList_withUnknownOwner_returns404" classname="com.sharecart.ShareCartApplicationTests" time="0.042">
    <system-out><![CDATA[Hibernate: 
    select
        u1_0.id,
        u1_0.email,
        u1_0.username 
    from
        users u1_0
Hibernate: 
    select
        m1_0.user_id,
        m1_0.id,
        m1_0.joined_at,
        m1_0.list_id 
    from
        list_members m1_0 
    where
        m1_0.user_id=?
Hibernate: 
    select
        ol1_0.owner_id,
        ol1_0.id,
        ol1_0.created_at,
        ol1_0.name 
    from
        shopping_lists ol1_0 
    where
        ol1_0.owner_id=?
Hibernate: 
    select
        i1_0.list_id,
        i1_0.id,
        i1_0.checked,
        i1_0.name,
        i1_0.quantity 
    from
        items i1_0 
    where
        i1_0.list_id=?
Hibernate: 
    select
        m1_0.list_id,
        m1_0.id,
        m1_0.joined_at,
        m1_0.user_id 
    from
        list_members m1_0 
    where
        m1_0.list_id=?
Hibernate: 
    select
        m1_0.user_id,
        m1_0.id,
        m1_0.joined_at,
        m1_0.list_id 
    from
        list_members m1_0 
    where
        m1_0.user_id=?
Hibernate: 
    select
        ol1_0.owner_id,
        ol1_0.id,
        ol1_0.created_at,
        ol1_0.name 
    from
        shopping_lists ol1_0 
    where
        ol1_0.owner_id=?
Hibernate: 
    delete 
    from
        list_members 
    where
        id=?
Hibernate: 
    delete 
    from
        shopping_lists 
    where
        id=?
Hibernate: 
    delete 
    from
        users 
    where
        id=?
Hibernate: 
    delete 
    from
        users 
    where
        id=?
Hibernate: 
    insert 
    into
        users
        (email, username, id) 
    values
        (?, ?, default)
Hibernate: 
    select
        u1_0.id,
        u1_0.email,
        u1_0.username 
    from
        users u1_0 
    where
        u1_0.id=?
]]></system-out>
  </testcase>
  <testcase name="getList_returnsListWithItems" classname="com.sharecart.ShareCartApplicationTests" time="0.032">
    <system-out><![CDATA[Hibernate: 
    select
        u1_0.id,
        u1_0.email,
        u1_0.username 
    from
        users u1_0
Hibernate: 
    select
        m1_0.user_id,
        m1_0.id,
        m1_0.joined_at,
        m1_0.list_id 
    from
        list_members m1_0 
    where
        m1_0.user_id=?
Hibernate: 
    select
        ol1_0.owner_id,
        ol1_0.id,
        ol1_0.created_at,
        ol1_0.name 
    from
        shopping_lists ol1_0 
    where
        ol1_0.owner_id=?
Hibernate: 
    delete 
    from
        users 
    where
        id=?
Hibernate: 
    insert 
    into
        users
        (email, username, id) 
    values
        (?, ?, default)
Hibernate: 
    select
        u1_0.id,
        u1_0.email,
        u1_0.username 
    from
        users u1_0 
    where
        u1_0.id=?
Hibernate: 
    insert 
    into
        shopping_lists
        (created_at, name, owner_id, id) 
    values
        (?, ?, ?, default)
Hibernate: 
    select
        sl1_0.id,
        sl1_0.created_at,
        sl1_0.name,
        sl1_0.owner_id 
    from
        shopping_lists sl1_0 
    where
        sl1_0.id=?
Hibernate: 
    select
        u1_0.id,
        u1_0.email,
        u1_0.username 
    from
        users u1_0 
    where
        u1_0.id=?
Hibernate: 
    select
        i1_0.list_id,
        i1_0.id,
        i1_0.checked,
        i1_0.name,
        i1_0.quantity 
    from
        items i1_0 
    where
        i1_0.list_id=?
Hibernate: 
    select
        m1_0.list_id,
        m1_0.id,
        m1_0.joined_at,
        m1_0.user_id 
    from
        list_members m1_0 
    where
        m1_0.list_id=?
]]></system-out>
  </testcase>
  <testcase name="getList_withUnknownId_returns404" classname="com.sharecart.ShareCartApplicationTests" time="0.017">
    <system-out><![CDATA[Hibernate: 
    select
        u1_0.id,
        u1_0.email,
        u1_0.username 
    from
        users u1_0
Hibernate: 
    select
        m1_0.user_id,
        m1_0.id,
        m1_0.joined_at,
        m1_0.list_id 
    from
        list_members m1_0 
    where
        m1_0.user_id=?
Hibernate: 
    select
        ol1_0.owner_id,
        ol1_0.id,
        ol1_0.created_at,
        ol1_0.name 
    from
        shopping_lists ol1_0 
    where
        ol1_0.owner_id=?
Hibernate: 
    select
        i1_0.list_id,
        i1_0.id,
        i1_0.checked,
        i1_0.name,
        i1_0.quantity 
    from
        items i1_0 
    where
        i1_0.list_id=?
Hibernate: 
    select
        m1_0.list_id,
        m1_0.id,
        m1_0.joined_at,
        m1_0.user_id 
    from
        list_members m1_0 
    where
        m1_0.list_id=?
Hibernate: 
    delete 
    from
        shopping_lists 
    where
        id=?
Hibernate: 
    delete 
    from
        users 
    where
        id=?
Hibernate: 
    insert 
    into
        users
        (email, username, id) 
    values
        (?, ?, default)
Hibernate: 
    select
        sl1_0.id,
        sl1_0.created_at,
        sl1_0.name,
        sl1_0.owner_id 
    from
        shopping_lists sl1_0 
    where
        sl1_0.id=?
]]></system-out>
  </testcase>
  <testcase name="addItem_returns201WithItem" classname="com.sharecart.ShareCartApplicationTests" time="0.032">
    <system-out><![CDATA[Hibernate: 
    select
        u1_0.id,
        u1_0.email,
        u1_0.username 
    from
        users u1_0
Hibernate: 
    select
        m1_0.user_id,
        m1_0.id,
        m1_0.joined_at,
        m1_0.list_id 
    from
        list_members m1_0 
    where
        m1_0.user_id=?
Hibernate: 
    select
        ol1_0.owner_id,
        ol1_0.id,
        ol1_0.created_at,
        ol1_0.name 
    from
        shopping_lists ol1_0 
    where
        ol1_0.owner_id=?
Hibernate: 
    delete 
    from
        users 
    where
        id=?
Hibernate: 
    insert 
    into
        users
        (email, username, id) 
    values
        (?, ?, default)
Hibernate: 
    select
        u1_0.id,
        u1_0.email,
        u1_0.username 
    from
        users u1_0 
    where
        u1_0.id=?
Hibernate: 
    insert 
    into
        shopping_lists
        (created_at, name, owner_id, id) 
    values
        (?, ?, ?, default)
Hibernate: 
    select
        sl1_0.id,
        sl1_0.created_at,
        sl1_0.name,
        sl1_0.owner_id 
    from
        shopping_lists sl1_0 
    where
        sl1_0.id=?
Hibernate: 
    insert 
    into
        items
        (checked, list_id, name, quantity, id) 
    values
        (?, ?, ?, ?, default)
]]></system-out>
  </testcase>
  <testcase name="deleteItem_returns204" classname="com.sharecart.ShareCartApplicationTests" time="0.049">
    <system-out><![CDATA[Hibernate: 
    select
        u1_0.id,
        u1_0.email,
        u1_0.username 
    from
        users u1_0
Hibernate: 
    select
        m1_0.user_id,
        m1_0.id,
        m1_0.joined_at,
        m1_0.list_id 
    from
        list_members m1_0 
    where
        m1_0.user_id=?
Hibernate: 
    select
        ol1_0.owner_id,
        ol1_0.id,
        ol1_0.created_at,
        ol1_0.name 
    from
        shopping_lists ol1_0 
    where
        ol1_0.owner_id=?
Hibernate: 
    select
        i1_0.list_id,
        i1_0.id,
        i1_0.checked,
        i1_0.name,
        i1_0.quantity 
    from
        items i1_0 
    where
        i1_0.list_id=?
Hibernate: 
    select
        m1_0.list_id,
        m1_0.id,
        m1_0.joined_at,
        m1_0.user_id 
    from
        list_members m1_0 
    where
        m1_0.list_id=?
Hibernate: 
    delete 
    from
        items 
    where
        id=?
Hibernate: 
    delete 
    from
        shopping_lists 
    where
        id=?
Hibernate: 
    delete 
    from
        users 
    where
        id=?
Hibernate: 
    insert 
    into
        users
        (email, username, id) 
    values
        (?, ?, default)
Hibernate: 
    select
        u1_0.id,
        u1_0.email,
        u1_0.username 
    from
        users u1_0 
    where
        u1_0.id=?
Hibernate: 
    insert 
    into
        shopping_lists
        (created_at, name, owner_id, id) 
    values
        (?, ?, ?, default)
Hibernate: 
    select
        sl1_0.id,
        sl1_0.created_at,
        sl1_0.name,
        sl1_0.owner_id 
    from
        shopping_lists sl1_0 
    where
        sl1_0.id=?
Hibernate: 
    insert 
    into
        items
        (checked, list_id, name, quantity, id) 
    values
        (?, ?, ?, ?, default)
Hibernate: 
    select
        i1_0.id,
        i1_0.checked,
        i1_0.list_id,
        i1_0.name,
        i1_0.quantity 
    from
        items i1_0 
    where
        i1_0.id=?
Hibernate: 
    delete 
    from
        items 
    where
        id=?
Hibernate: 
    select
        sl1_0.id,
        sl1_0.created_at,
        sl1_0.name,
        sl1_0.owner_id 
    from
        shopping_lists sl1_0 
    where
        sl1_0.id=?
Hibernate: 
    select
        u1_0.id,
        u1_0.email,
        u1_0.username 
    from
        users u1_0 
    where
        u1_0.id=?
Hibernate: 
    select
        i1_0.list_id,
        i1_0.id,
        i1_0.checked,
        i1_0.name,
        i1_0.quantity 
    from
        items i1_0 
    where
        i1_0.list_id=?
Hibernate: 
    select
        m1_0.list_id,
        m1_0.id,
        m1_0.joined_at,
        m1_0.user_id 
    from
        list_members m1_0 
    where
        m1_0.list_id=?
]]></system-out>
  </testcase>
  <testcase name="updateItem_returnsUpdatedItem" classname="com.sharecart.ShareCartApplicationTests" time="0.056">
    <system-out><![CDATA[Hibernate: 
    select
        u1_0.id,
        u1_0.email,
        u1_0.username 
    from
        users u1_0
Hibernate: 
    select
        m1_0.user_id,
        m1_0.id,
        m1_0.joined_at,
        m1_0.list_id 
    from
        list_members m1_0 
    where
        m1_0.user_id=?
Hibernate: 
    select
        ol1_0.owner_id,
        ol1_0.id,
        ol1_0.created_at,
        ol1_0.name 
    from
        shopping_lists ol1_0 
    where
        ol1_0.owner_id=?
Hibernate: 
    select
        i1_0.list_id,
        i1_0.id,
        i1_0.checked,
        i1_0.name,
        i1_0.quantity 
    from
        items i1_0 
    where
        i1_0.list_id=?
Hibernate: 
    select
        m1_0.list_id,
        m1_0.id,
        m1_0.joined_at,
        m1_0.user_id 
    from
        list_members m1_0 
    where
        m1_0.list_id=?
Hibernate: 
    delete 
    from
        shopping_lists 
    where
        id=?
Hibernate: 
    delete 
    from
        users 
    where
        id=?
Hibernate: 
    insert 
    into
        users
        (email, username, id) 
    values
        (?, ?, default)
Hibernate: 
    select
        u1_0.id,
        u1_0.email,
        u1_0.username 
    from
        users u1_0 
    where
        u1_0.id=?
Hibernate: 
    insert 
    into
        shopping_lists
        (created_at, name, owner_id, id) 
    values
        (?, ?, ?, default)
Hibernate: 
    select
        sl1_0.id,
        sl1_0.created_at,
        sl1_0.name,
        sl1_0.owner_id 
    from
        shopping_lists sl1_0 
    where
        sl1_0.id=?
Hibernate: 
    insert 
    into
        items
        (checked, list_id, name, quantity, id) 
    values
        (?, ?, ?, ?, default)
Hibernate: 
    select
        i1_0.id,
        i1_0.checked,
        i1_0.list_id,
        i1_0.name,
        i1_0.quantity 
    from
        items i1_0 
    where
        i1_0.id=?
Hibernate: 
    update
        items 
    set
        checked=?,
        list_id=?,
        name=?,
        quantity=? 
    where
        id=?
]]></system-out>
  </testcase>
  <testcase name="createList_returns201WithList" classname="com.sharecart.ShareCartApplicationTests" time="0.02">
    <system-out><![CDATA[Hibernate: 
    select
        u1_0.id,
        u1_0.email,
        u1_0.username 
    from
        users u1_0
Hibernate: 
    select
        m1_0.user_id,
        m1_0.id,
        m1_0.joined_at,
        m1_0.list_id 
    from
        list_members m1_0 
    where
        m1_0.user_id=?
Hibernate: 
    select
        ol1_0.owner_id,
        ol1_0.id,
        ol1_0.created_at,
        ol1_0.name 
    from
        shopping_lists ol1_0 
    where
        ol1_0.owner_id=?
Hibernate: 
    select
        i1_0.list_id,
        i1_0.id,
        i1_0.checked,
        i1_0.name,
        i1_0.quantity 
    from
        items i1_0 
    where
        i1_0.list_id=?
Hibernate: 
    select
        m1_0.list_id,
        m1_0.id,
        m1_0.joined_at,
        m1_0.user_id 
    from
        list_members m1_0 
    where
        m1_0.list_id=?
Hibernate: 
    delete 
    from
        items 
    where
        id=?
Hibernate: 
    delete 
    from
        shopping_lists 
    where
        id=?
Hibernate: 
    delete 
    from
        users 
    where
        id=?
Hibernate: 
    insert 
    into
        users
        (email, username, id) 
    values
        (?, ?, default)
Hibernate: 
    select
        u1_0.id,
        u1_0.email,
        u1_0.username 
    from
        users u1_0 
    where
        u1_0.id=?
Hibernate: 
    insert 
    into
        shopping_lists
        (created_at, name, owner_id, id) 
    values
        (?, ?, ?, default)
]]></system-out>
  </testcase>
  <testcase name="inviteUser_duplicate_returns409" classname="com.sharecart.ShareCartApplicationTests" time="0.036">
    <system-out><![CDATA[Hibernate: 
    select
        u1_0.id,
        u1_0.email,
        u1_0.username 
    from
        users u1_0
Hibernate: 
    select
        m1_0.user_id,
        m1_0.id,
        m1_0.joined_at,
        m1_0.list_id 
    from
        list_members m1_0 
    where
        m1_0.user_id=?
Hibernate: 
    select
        ol1_0.owner_id,
        ol1_0.id,
        ol1_0.created_at,
        ol1_0.name 
    from
        shopping_lists ol1_0 
    where
        ol1_0.owner_id=?
Hibernate: 
    select
        i1_0.list_id,
        i1_0.id,
        i1_0.checked,
        i1_0.name,
        i1_0.quantity 
    from
        items i1_0 
    where
        i1_0.list_id=?
Hibernate: 
    select
        m1_0.list_id,
        m1_0.id,
        m1_0.joined_at,
        m1_0.user_id 
    from
        list_members m1_0 
    where
        m1_0.list_id=?
Hibernate: 
    delete 
    from
        shopping_lists 
    where
        id=?
Hibernate: 
    delete 
    from
        users 
    where
        id=?
Hibernate: 
    insert 
    into
        users
        (email, username, id) 
    values
        (?, ?, default)
Hibernate: 
    insert 
    into
        users
        (email, username, id) 
    values
        (?, ?, default)
Hibernate: 
    select
        u1_0.id,
        u1_0.email,
        u1_0.username 
    from
        users u1_0 
    where
        u1_0.id=?
Hibernate: 
    insert 
    into
        shopping_lists
        (created_at, name, owner_id, id) 
    values
        (?, ?, ?, default)
Hibernate: 
    select
        sl1_0.id,
        sl1_0.created_at,
        sl1_0.name,
        sl1_0.owner_id 
    from
        shopping_lists sl1_0 
    where
        sl1_0.id=?
Hibernate: 
    select
        u1_0.id,
        u1_0.email,
        u1_0.username 
    from
        users u1_0 
    where
        u1_0.id=?
Hibernate: 
    select
        lm1_0.id 
    from
        list_members lm1_0 
    where
        lm1_0.list_id=? 
        and lm1_0.user_id=? 
    fetch
        first ? rows only
Hibernate: 
    insert 
    into
        list_members
        (joined_at, list_id, user_id, id) 
    values
        (?, ?, ?, default)
Hibernate: 
    select
        sl1_0.id,
        sl1_0.created_at,
        sl1_0.name,
        sl1_0.owner_id 
    from
        shopping_lists sl1_0 
    where
        sl1_0.id=?
Hibernate: 
    select
        u1_0.id,
        u1_0.email,
        u1_0.username 
    from
        users u1_0 
    where
        u1_0.id=?
Hibernate: 
    select
        lm1_0.id 
    from
        list_members lm1_0 
    where
        lm1_0.list_id=? 
        and lm1_0.user_id=? 
    fetch
        first ? rows only
]]></system-out>
  </testcase>
</testsuite>